<?xml version="1.0" encoding="UTF-8"?>
<!-- Generated by org.testng.reporters.JUnitReportReporter -->
<testsuite hostname="DESKTOP-UCNIV3S" failures="0" tests="2" name="Test.StockManagmentTest" time="22.647" errors="0" timestamp="2022-01-31T13:43:52 IST" skipped="0">
  <testcase classname="Test.StockManagmentTest" name="base" time="0.002"/>
  <system-out/>
  <testcase classname="Test.StockManagmentTest" name="User" time="22.645"/>
  <system-out/>
</testsuite> <!-- Test.StockManagmentTest -->
