<?xml version="1.0" encoding="UTF-8"?>
<!-- Generated by org.testng.reporters.JUnitReportReporter -->
<testsuite hostname="DESKTOP-UCNIV3S" failures="0" tests="7" name="Test.LoginTest" time="39.436" errors="0" timestamp="2022-01-31T14:06:52 IST" skipped="0">
  <testcase classname="Test.LoginTest" name="base" time="0.009"/>
  <system-out/>
  <testcase classname="Test.LoginTest" name="verifyloginTitle" time="0.082"/>
  <system-out/>
  <testcase classname="Test.LoginTest" name="rememberMecheckBox" time="0.457"/>
  <system-out/>
  <testcase classname="Test.LoginTest" name="verifyLoginWithInValidCredentials" time="4.273"/>
  <system-out/>
  <testcase classname="Test.LoginTest" name="verfiyResetPasswordPage" time="5.103"/>
  <system-out/>
  <testcase classname="Test.LoginTest" name="verifyForgotPassword" time="4.961"/>
  <system-out/>
  <testcase classname="Test.LoginTest" name="verifyLoginWithValidCredentials" time="24.551"/>
  <system-out/>
</testsuite> <!-- Test.LoginTest -->
