<?xml version="1.0" encoding="UTF-8"?>
<!-- Generated by org.testng.reporters.JUnitReportReporter -->
<testsuite hostname="DESKTOP-UCNIV3S" failures="0" tests="2" name="Test.SignOutTest" time="25.074" errors="0" timestamp="2022-01-31T13:43:52 IST" skipped="0">
  <testcase classname="Test.SignOutTest" name="base" time="0.003"/>
  <system-out/>
  <testcase classname="Test.SignOutTest" name="signOut" time="25.071"/>
  <system-out/>
</testsuite> <!-- Test.SignOutTest -->
