<?xml version="1.0" encoding="UTF-8"?>
<!-- Generated by org.testng.reporters.JUnitReportReporter -->
<testsuite hostname="DESKTOP-UCNIV3S" failures="0" tests="2" name="Test.BannedUserTest" time="39.761" errors="0" timestamp="2022-01-31T13:43:52 IST" skipped="0">
  <testcase classname="Test.BannedUserTest" name="base" time="0.003"/>
  <system-out/>
  <testcase classname="Test.BannedUserTest" name="verifyUserCanBanUserList" time="39.758"/>
  <system-out/>
</testsuite> <!-- Test.BannedUserTest -->
