<?xml version="1.0" encoding="UTF-8"?>
<!-- Generated by org.testng.reporters.JUnitReportReporter -->
<testsuite hostname="DESKTOP-UCNIV3S" failures="0" tests="5" name="Test.ClientTest" time="66.729" errors="0" timestamp="2022-01-31T13:43:52 IST" skipped="0">
  <testcase classname="Test.ClientTest" name="base" time="0.001"/>
  <system-out/>
  <testcase classname="Test.ClientTest" name="verifyerrorMessagewithInvalidsearch" time="46.575"/>
  <system-out/>
  <testcase classname="Test.ClientTest" name="verifyValidSearch" time="7.940"/>
  <system-out/>
  <testcase classname="Test.ClientTest" name="verifyMandatoryfield" time="1.227"/>
  <system-out/>
  <testcase classname="Test.ClientTest" name="verifyUserCanAddUserDetails" time="10.986"/>
  <system-out/>
</testsuite> <!-- Test.ClientTest -->
