<?xml version="1.0" encoding="UTF-8"?>
<!-- Generated by org.testng.reporters.JUnitReportReporter -->
<testsuite hostname="DESKTOP-UCNIV3S" failures="0" tests="2" name="Test.EditUserTest" time="57.478" errors="0" timestamp="2022-01-31T13:43:52 IST" skipped="0">
  <testcase classname="Test.EditUserTest" name="base" time="0.001"/>
  <system-out/>
  <testcase classname="Test.EditUserTest" name="verifyUserCanEditUserList" time="57.477"/>
  <system-out/>
</testsuite> <!-- Test.EditUserTest -->
