<?xml version="1.0" encoding="UTF-8"?>
<!-- Generated by org.testng.reporters.JUnitReportReporter -->
<testsuite hostname="DESKTOP-UCNIV3S" failures="0" tests="4" name="Test.EditClientTest" time="67.891" errors="0" timestamp="2022-01-31T13:43:52 IST" skipped="0">
  <testcase classname="Test.EditClientTest" name="base" time="0.003"/>
  <system-out/>
  <testcase classname="Test.EditClientTest" name="verifyEditOfClientList" time="42.091"/>
  <system-out/>
  <testcase classname="Test.EditClientTest" name="verifyViewOfClientList" time="7.308"/>
  <system-out/>
  <testcase classname="Test.EditClientTest" name="verifyDeleteOfClientList" time="18.489"/>
  <system-out/>
</testsuite> <!-- Test.EditClientTest -->
