<?xml version="1.0" encoding="UTF-8"?>
<!-- Generated by org.testng.reporters.JUnitReportReporter -->
<testsuite hostname="DESKTOP-UCNIV3S" failures="0" tests="4" name="Test.UserTest" time="123.276" errors="0" timestamp="2022-01-27T13:47:05 IST" skipped="0">
  <testcase classname="Test.UserTest" name="base" time="0.040"/>
  <system-out/>
  <testcase classname="Test.UserTest" name="user1" time="67.749"/>
  <system-out/>
  <testcase classname="Test.UserTest" name="adduser" time="11.934"/>
  <system-out/>
  <testcase classname="Test.UserTest" name="adduser1" time="43.553"/>
  <system-out/>
</testsuite> <!-- Test.UserTest -->
