<?xml version="1.0" encoding="UTF-8"?>
<!-- Generated by org.testng.reporters.JUnitReportReporter -->
<testsuite hostname="DESKTOP-UCNIV3S" failures="0" tests="3" name="Test.BannedUserTest" time="47.444" errors="0" timestamp="2022-02-05T08:18:53 IST" skipped="0">
  <testcase classname="Test.BannedUserTest" name="base" time="0.037"/>
  <system-out/>
  <testcase classname="Test.BannedUserTest" name="verifyUserCanBanUserList" time="47.249"/>
  <system-out/>
  <testcase classname="Test.BannedUserTest" name="verifyTitleOfBannedUserList" time="0.158"/>
  <system-out/>
</testsuite> <!-- Test.BannedUserTest -->
