<?xml version="1.0" encoding="UTF-8"?>
<!-- Generated by org.testng.reporters.JUnitReportReporter -->
<testsuite hostname="DESKTOP-UCNIV3S" failures="0" tests="2" name="Test.BannedUserTest" time="36.436" errors="0" timestamp="2022-01-28T13:23:40 IST" skipped="0">
  <testcase classname="Test.BannedUserTest" name="base" time="0.002"/>
  <system-out/>
  <testcase classname="Test.BannedUserTest" name="User" time="36.434"/>
  <system-out/>
</testsuite> <!-- Test.BannedUserTest -->
